<?xml version="1.0" encoding="UTF-8"?>
<testng-results ignored="0" total="1" passed="1" failed="0" skipped="0">
  <reporter-output>
  </reporter-output>
  <suite started-at="2025-02-16T14:44:51 IST" name="Default suite" finished-at="2025-02-16T14:45:19 IST" duration-ms="28323">
    <groups>
    </groups>
    <test started-at="2025-02-16T14:44:51 IST" name="Default test" finished-at="2025-02-16T14:45:19 IST" duration-ms="28323">
      <class name="com.test.qa.testpages.HomePageTest">
        <test-method is-config="true" signature="setUp()[pri:0, instance:com.test.qa.testpages.HomePageTest@7d8995e]" started-at="2025-02-16T14:44:51 IST" name="setUp" finished-at="2025-02-16T14:45:02 IST" duration-ms="11043" status="PASS">
          <reporter-output>
          </reporter-output>
        </test-method> <!-- setUp -->
        <test-method is-config="true" signature="setUpTest()[pri:0, instance:com.test.qa.testpages.HomePageTest@7d8995e]" started-at="2025-02-16T14:45:02 IST" name="setUpTest" finished-at="2025-02-16T14:45:02 IST" duration-ms="56" status="PASS">
          <reporter-output>
          </reporter-output>
        </test-method> <!-- setUpTest -->
        <test-method signature="productSearch()[pri:1, instance:com.test.qa.testpages.HomePageTest@7d8995e]" started-at="2025-02-16T14:45:02 IST" name="productSearch" finished-at="2025-02-16T14:45:18 IST" duration-ms="16306" status="PASS">
          <reporter-output>
          </reporter-output>
        </test-method> <!-- productSearch -->
        <test-method is-config="true" signature="tearDown()[pri:0, instance:com.test.qa.testpages.HomePageTest@7d8995e]" started-at="2025-02-16T14:45:18 IST" name="tearDown" finished-at="2025-02-16T14:45:19 IST" duration-ms="857" status="PASS">
          <reporter-output>
          </reporter-output>
        </test-method> <!-- tearDown -->
      </class> <!-- com.test.qa.testpages.HomePageTest -->
    </test> <!-- Default test -->
  </suite> <!-- Default suite -->
</testng-results>
